30s
8s
21s
Run npx tsc --noEmit
Error: src/__tests__/components/dashboard/StatsCard.test.tsx(17,45): error TS2339: Property 'toBeInTheDocument' does not exist on type 'JestMatchers<HTMLElement>'.
Error: src/__tests__/components/dashboard/StatsCard.test.tsx(18,35): error TS2339: Property 'toBeInTheDocument' does not exist on type 'JestMatchers<HTMLElement>'.
Error: src/__tests__/components/dashboard/StatsCard.test.tsx(19,53): error TS2339: Property 'toBeInTheDocument' does not exist on type 'JestMatchers<HTMLElement>'.
Error: src/__tests__/components/dashboard/StatsCard.test.tsx(33,37): error TS2339: Property 'toBeInTheDocument' does not exist on type 'JestMatchers<HTMLElement>'.
Error: src/__tests__/components/dashboard/StatsCard.test.tsx(40,27): error TS2339: Property 'toHaveStyle' does not exist on type 'JestMatchers<HTMLElement>'.
Error: src/__tests__/components/dashboard/StatsCard.test.tsx(49,45): error TS2339: Property 'toBeInTheDocument' does not exist on type 'JestMatchers<HTMLElement>'.
Error: src/__tests__/components/dashboard/StatsCard.test.tsx(50,35): error TS2339: Property 'toBeInTheDocument' does not exist on type 'JestMatchers<HTMLElement>'.
Error: src/__tests__/components/dashboard/StatsCard.test.tsx(61,38): error TS2339: Property 'toBeInTheDocument' does not exist on type 'JestMatchers<HTMLElement>'.
Error: src/__tests__/components/dashboard/StatsCard.test.tsx(74,45): error TS2339: Property 'toBeInTheDocument' does not exist on type 'JestMatchers<HTMLElement>'.
Error: src/__tests__/components/dashboard/StatsCard.test.tsx(75,35): error TS2339: Property 'toBeInTheDocument' does not exist on type 'JestMatchers<HTMLElement>'.
Error: src/__tests__/components/dashboard/StatsCard.test.tsx(76,59): error TS2339: Property 'toBeInTheDocument' does not exist on type 'Matchers<void, HTMLElement>'.
Error: src/__tests__/components/dashboard/StatsCard.test.tsx(90,37): error TS2339: Property 'toBeInTheDocument' does not exist on type 'JestMatchers<HTMLElement>'.
Error: src/__tests__/components/dashboard/StatsCard.test.tsx(93,26): error TS2339: Property 'toHaveClass' does not exist on type 'JestMatchers<HTMLElement>'.
Error: src/__tests__/components/dashboard/StatsCard.test.tsx(100,18): error TS2339: Property 'toHaveClass' does not exist on type 'JestMatchers<Element>'.
Error: src/__tests__/components/dashboard/StatsCard.test.tsx(112,25): error TS2339: Property 'toHaveStyle' does not exist on type 'JestMatchers<Element>'.
Error: src/__tests__/components/dashboard/StatsCard.test.tsx(126,25): error TS2339: Property 'toHaveStyle' does not exist on type 'JestMatchers<Element>'.
Error: src/app/subscription/page.tsx(172,13): error TS2304: Cannot find name 'loadHistory'.
Error: src/app/trips/[id]/expenses/page.tsx(744,9): error TS2322: Type '"success"' is not assignable to type '"default" | "destructive"'.
Error: src/app/trips/[id]/expenses/page.tsx(1033,37): error TS2345: Argument of type 'Expense' is not assignable to parameter of type 'SetStateAction<Expense>'.
  Type 'Expense' is not assignable to type 'Expense'. Two different types with this name exist, but they are unrelated.
    Type 'Expense' is missing the following properties from type 'Omit<DatabaseExpense, "users" | "expense_participants">': status, trip_id, created_at, updated_at
Error: src/app/trips/[id]/itinerary/page.tsx(492,64): error TS2339: Property 'coordinates' does not exist on type 'Activity'.
Error: src/app/trips/[id]/layout.tsx(131,42): error TS2339: Property 'full_name' does not exist on type '{ full_name: any; }[]'.
Error: src/app/trips/new/page.tsx(455,75): error TS2551: Property 'destination' does not exist on type '{ name: string; description: string; destinations: TripDestinations; startDate: string; endDate: string; isPrivate: boolean; budgetTotal: string; currency: string; tripType: string; accommodation: string; notes: string; }'. Did you mean 'destinations'?
Error: src/components/LazyComponents.tsx(110,5): error TS2322: Type 'ComponentType' is not assignable to type '(loadingProps: DynamicOptionsLoadingProps) => ReactNode'.
  Type 'ComponentClass<{}, any>' is not assignable to type '(loadingProps: DynamicOptionsLoadingProps) => ReactNode'.
    Type 'ComponentClass<{}, any>' provides no match for the signature '(loadingProps: DynamicOptionsLoadingProps): ReactNode'.
Error: src/components/__tests__/ErrorBoundary.test.tsx(36,44): error TS2339: Property 'toBeInTheDocument' does not exist on type 'JestMatchers<HTMLElement>'.
Error: src/components/__tests__/ErrorBoundary.test.tsx(46,62): error TS2339: Property 'toBeInTheDocument' does not exist on type 'JestMatchers<HTMLElement>'.
Error: src/components/__tests__/ErrorBoundary.test.tsx(47,82): error TS2339: Property 'toBeInTheDocument' does not exist on type 'JestMatchers<HTMLElement>'.
Error: src/components/__tests__/ErrorBoundary.test.tsx(48,66): error TS2339: Property 'toBeInTheDocument' does not exist on type 'JestMatchers<HTMLElement>'.
Error: src/components/__tests__/ErrorBoundary.test.tsx(49,72): error TS2339: Property 'toBeInTheDocument' does not exist on type 'JestMatchers<HTMLElement>'.
Error: src/components/__tests__/ErrorBoundary.test.tsx(61,56): error TS2339: Property 'toBeInTheDocument' does not exist on type 'JestMatchers<HTMLElement>'.
Error: src/components/__tests__/ErrorBoundary.test.tsx(62,68): error TS2339: Property 'toBeInTheDocument' does not exist on type 'Matchers<void, HTMLElement>'.
Error: src/components/__tests__/ErrorBoundary.test.tsx(84,19): error TS2540: Cannot assign to 'NODE_ENV' because it is a read-only property.
Error: src/components/__tests__/ErrorBoundary.test.tsx(92,64): error TS2339: Property 'toBeInTheDocument' does not exist on type 'JestMatchers<HTMLElement>'.
Error: src/components/__tests__/ErrorBoundary.test.tsx(93,46): error TS2339: Property 'toBeInTheDocument' does not exist on type 'JestMatchers<HTMLElement>'.
Error: src/components/__tests__/ErrorBoundary.test.tsx(95,19): error TS2540: Cannot assign to 'NODE_ENV' because it is a read-only property.
Error: src/components/__tests__/ErrorBoundary.test.tsx(100,19): error TS2540: Cannot assign to 'NODE_ENV' because it is a read-only property.
Error: src/components/__tests__/ErrorBoundary.test.tsx(108,70): error TS2339: Property 'toBeInTheDocument' does not exist on type 'Matchers<void, HTMLElement>'.
Error: src/components/__tests__/ErrorBoundary.test.tsx(110,19): error TS2540: Cannot assign to 'NODE_ENV' because it is a read-only property.
Error: src/components/__tests__/ErrorBoundary.test.tsx(122,44): error TS2339: Property 'toBeInTheDocument' does not exist on type 'JestMatchers<HTMLElement>'.
Error: src/components/__tests__/ErrorBoundary.test.tsx(132,55): error TS2339: Property 'toBeInTheDocument' does not exist on type 'JestMatchers<HTMLElement>'.
Error: src/components/__tests__/ErrorBoundary.test.tsx(133,68): error TS2339: Property 'toBeInTheDocument' does not exist on type 'JestMatchers<HTMLElement>'.
Error: src/components/__tests__/ErrorBoundary.test.tsx(145,44): error TS2339: Property 'toBeInTheDocument' does not exist on type 'JestMatchers<HTMLElement>'.
Error: src/components/__tests__/ErrorBoundary.test.tsx(155,69): error TS2339: Property 'toBeInTheDocument' does not exist on type 'JestMatchers<HTMLElement>'.
Error: src/components/__tests__/ErrorBoundary.test.tsx(156,73): error TS2339: Property 'toBeInTheDocument' does not exist on type 'JestMatchers<HTMLElement>'.
Error: src/components/__tests__/ErrorBoundary.test.tsx(169,62): error TS2339: Property 'toBeInTheDocument' does not exist on type 'JestMatchers<HTMLElement>'.
Error: src/components/__tests__/ErrorBoundary.test.tsx(183,44): error TS2339: Property 'toBeInTheDocument' does not exist on type 'JestMatchers<HTMLElement>'.
Error: src/components/__tests__/ErrorBoundary.test.tsx(184,68): error TS2339: Property 'toBeInTheDocument' does not exist on type 'Matchers<void, HTMLElement>'.
Error: src/components/__tests__/ErrorBoundary.test.tsx(191,19): error TS2540: Cannot assign to 'NODE_ENV' because it is a read-only property.
Error: src/components/__tests__/ErrorBoundary.test.tsx(207,19): error TS2540: Cannot assign to 'NODE_ENV' because it is a read-only property.
Error: src/components/__tests__/ErrorBoundary.test.tsx(212,19): error TS2540: Cannot assign to 'NODE_ENV' because it is a read-only property.
Error: src/components/__tests__/ErrorBoundary.test.tsx(228,19): error TS2540: Cannot assign to 'NODE_ENV' because it is a read-only property.
Error: src/components/activity/ActivityDetails.tsx(58,9): error TS2353: Object literal may only specify known properties, and 'timeZone' does not exist in type 'FormatOptions'.
Error: src/components/activity/ActivityDetails.tsx(70,9): error TS2353: Object literal may only specify known properties, and 'timeZone' does not exist in type 'FormatOptions'.
Error: src/components/ai/ActivityEditModal.tsx(318,19): error TS2322: Type '{ children: Element[]; value: string; onValueChange: (value: string) => void; className: string; }' is not assignable to type 'IntrinsicAttributes & SelectSharedProps & { value?: string; defaultValue?: string; onValueChange?(value: string): void; }'.
  Property 'className' does not exist on type 'IntrinsicAttributes & SelectSharedProps & { value?: string; defaultValue?: string; onValueChange?(value: string): void; }'.
Error: src/components/ai/ActivityTimeline.tsx(91,9): error TS2353: Object literal may only specify known properties, and 'timeZone' does not exist in type 'FormatOptions'.
Error: src/components/ai/ChatBot.tsx(306,13): error TS2322: Type 'Map<string, unknown>' is not assignable to type 'Map<string, { text: string; ts: number; }>'.
  Type '{}' is missing the following properties from type '{ text: string; ts: number; }': text, ts
Error: src/components/ai/ChatBot.tsx(517,13): error TS2322: Type 'import("/home/runner/work/VoyageSmart/VoyageSmart/src/lib/services/transportationConversationService").ConversationResponse' is not assignable to type 'import("/home/runner/work/VoyageSmart/VoyageSmart/src/lib/services/aiConversationService").ConversationResponse'.
  Types of property 'action' are incompatible.
    Type 'string' is not assignable to type '"cancel" | "save_accommodation" | "retry"'.
Error: src/components/ai/ChatBot.tsx(651,15): error TS2367: This comparison appears to be unintentional because the types '"cancel" | "save_accommodation" | "retry"' and '"save_transportation"' have no overlap.
Error: src/components/ai/ChatBot.tsx(672,17): error TS2322: Type 'string' is not assignable to type '"other" | "flight" | "train" | "bus" | "car" | "ferry"'.
Error: src/components/ai/ChatBot.tsx(673,53): error TS2339: Property 'provider' does not exist on type 'AccommodationData'.
Error: src/components/ai/ChatBot.tsx(675,63): error TS2339: Property 'departure_location' does not exist on type 'AccommodationData'.
Error: src/components/ai/ChatBot.tsx(676,61): error TS2339: Property 'arrival_location' does not exist on type 'AccommodationData'.
Error: src/components/ai/ChatBot.tsx(677,59): error TS2339: Property 'departure_time' does not exist on type 'AccommodationData'.
Error: src/components/ai/ChatBot.tsx(678,57): error TS2339: Property 'arrival_time' does not exist on type 'AccommodationData'.
Error: src/components/ai/ChatBot.tsx(854,47): error TS2339: Property 'retryAfter' does not exist on type '{}'.
Error: src/components/ai/ChatBot.tsx(855,44): error TS2339: Property 'retryAfter' does not exist on type '{}'.
Error: src/components/ai/ContextualActionButtons.tsx(356,34): error TS2304: Cannot find name 'Utensils'.
Error: src/components/ai/ContextualActionButtons.tsx(359,32): error TS2304: Cannot find name 'Camera'.
Error: src/components/ai/ContextualActionButtons.tsx(405,15): error TS2304: Cannot find name 'Sun'.
Error: src/components/ai/ItineraryWizard.tsx(300,62): error TS2339: Property 'additionalPreferences' does not exist on type '{ tripType?: string; interests?: string[]; budget?: string; pace?: string; preferredTimes?: string[]; }'.
Error: src/components/dashboard/PersonalizableDashboard.tsx(4,55): error TS2307: Cannot find module '@hello-pangea/dnd' or its corresponding type declarations.
Error: src/components/dashboard/QuickActionsWidget.tsx(186,18): error TS2322: Type '{ children: Element; href: string; onClick?: undefined; key: string; } | { children: Element; onClick: () => void; href?: undefined; key: string; }' is not assignable to type 'IntrinsicAttributes & ClassAttributes<HTMLDivElement> & HTMLAttributes<HTMLDivElement> & Omit<...> & LinkProps<...> & { ...; } & RefAttributes<...>'.
  Type '{ children: Element; onClick: () => void; href?: undefined; key: string; }' is not assignable to type 'LinkProps<any>'.
    Property 'href' is optional in type '{ children: Element; onClick: () => void; href?: undefined; key: string; }' but required in type 'LinkProps<any>'.
Error: src/components/dashboard/WeatherWidget.tsx(481,7): error TS2353: Object literal may only specify known properties, and 'score' does not exist in type 'CitySuggestion'.
Error: src/components/dashboard/WeatherWidget.tsx(713,48): error TS2339: Property 'visibility' does not exist on type 'WeatherData'.
Error: src/components/dashboard/WeatherWidget.tsx(769,52): error TS2339: Property 'visibility' does not exist on type 'WeatherData'.
Error: src/components/dashboard/WeatherWidget.tsx(771,48): error TS2339: Property 'coord' does not exist on type 'WeatherData'.
Error: src/components/dashboard/WeatherWidget.tsx(771,79): error TS2339: Property 'coord' does not exist on type 'WeatherData'.
Error: src/components/dashboard/WeatherWidget.tsx(780,48): error TS2339: Property 'coord' does not exist on type 'WeatherData'.
Error: src/components/dashboard/WeatherWidget.tsx(780,79): error TS2339: Property 'coord' does not exist on type 'WeatherData'.
Error: src/components/dashboard/WeatherWidget.tsx(786,48): error TS2339: Property 'coord' does not exist on type 'WeatherData'.
Error: src/components/dashboard/WeatherWidget.tsx(786,79): error TS2339: Property 'coord' does not exist on type 'WeatherData'.
Error: src/components/dashboard/WeatherWidget.tsx(1423,48): error TS2339: Property 'visibility' does not exist on type 'WeatherData'.
Error: src/components/dashboard/WeatherWidget.tsx(1464,48): error TS2339: Property 'visibility' does not exist on type 'WeatherData'.
Error: src/components/dashboard/WeatherWidget.tsx(1466,44): error TS2339: Property 'coord' does not exist on type 'WeatherData'.
Error: src/components/dashboard/WeatherWidget.tsx(1466,75): error TS2339: Property 'coord' does not exist on type 'WeatherData'.
Error: src/components/itinerary/ActivityItem.tsx(53,9): error TS2353: Object literal may only specify known properties, and 'timeZone' does not exist in type 'FormatOptions'.
Error: src/components/itinerary/DaySchedule.tsx(214,21): error TS2322: Type '"primary"' is not assignable to type '"default" | "secondary" | "link" | "outline" | "destructive" | "ghost"'.
Error: src/components/itinerary/ItineraryMapView.tsx(35,27): error TS2339: Property 'coordinates' does not exist on type 'Activity'.
Error: src/components/itinerary/ItineraryMapView.tsx(36,26): error TS2339: Property 'coordinates' does not exist on type 'Activity'.
Error: src/components/itinerary/ItineraryMapView.tsx(37,31): error TS2339: Property 'coordinates' does not exist on type 'Activity'.
Error: src/components/itinerary/ItineraryMapView.tsx(38,20): error TS2339: Property 'coordinates' does not exist on type 'Activity'.
Error: src/components/itinerary/ItineraryMapView.tsx(39,26): error TS2339: Property 'coordinates' does not exist on type 'Activity'.
Error: src/components/itinerary/ItineraryMapView.tsx(40,31): error TS2339: Property 'coordinates' does not exist on type 'Activity'.
Error: src/components/itinerary/ItineraryMapView.tsx(41,20): error TS2339: Property 'coordinates' does not exist on type 'Activity'.
Error: src/components/itinerary/MobileCalendarView.tsx(275,17): error TS2322: Type '"primary"' is not assignable to type '"default" | "secondary" | "link" | "outline" | "destructive" | "ghost"'.
Error: src/components/map/MapboxWrapper.tsx(31,24): error TS2307: Cannot find module 'mapbox-gl/dist/mapbox-gl.css' or its corresponding type declarations.
Error: src/components/map/TripClusterManager.tsx(137,12): error TS2552: Cannot find name 'map'. Did you mean 'Map'?
Error: src/components/map/TripClusterManager.tsx(159,12): error TS2552: Cannot find name 'map'. Did you mean 'Map'?
Error: src/components/providers/Providers.tsx(16,7): error TS2322: Type '{ children: Element; attribute: "class"; defaultTheme: string; enableSystem: true; suppressHydrationWarning: true; }' is not assignable to type 'IntrinsicAttributes & ThemeProviderProps'.
  Property 'suppressHydrationWarning' does not exist on type 'IntrinsicAttributes & ThemeProviderProps'.
Error: src/components/providers/SubscriptionProvider.tsx(124,11): error TS2367: This comparison appears to be unintentional because the types '"free" | "premium"' and '"ai"' have no overlap.
Error: src/components/providers/SubscriptionProvider.tsx(158,45): error TS2367: This comparison appears to be unintentional because the types '"free" | "premium"' and '"ai"' have no overlap.
Error: src/components/subscription/PremiumIndicator.tsx(105,7): error TS2554: Expected 1 arguments, but got 0.
Error: src/components/transportation/TransportationCard.tsx(99,114): error TS2367: This comparison appears to be unintentional because the types '"outline" | "destructive" | "success" | "warning"' and '"default"' have no overlap.
Error: src/components/transportation/TransportationDetailsModal.tsx(119,118): error TS2367: This comparison appears to be unintentional because the types '"outline" | "destructive" | "success" | "warning"' and '"default"' have no overlap.
Error: src/components/ui/AnimatedList.tsx(106,11): error TS2322: Type '(el: HTMLDivElement) => HTMLDivElement' is not assignable to type 'LegacyRef<HTMLDivElement>'.
  Type '(el: HTMLDivElement) => HTMLDivElement' is not assignable to type '(instance: HTMLDivElement) => void | (() => VoidOrUndefinedOnly)'.
    Type 'HTMLDivElement' is not assignable to type 'void | (() => VoidOrUndefinedOnly)'.
Error: src/components/ui/InteractiveButton.tsx(187,46): error TS2322: Type '"shake"' is not assignable to type '"none" | "ripple" | "pulse" | "bounce" | "glow"'.
Error: src/components/ui/ThemeSelector.tsx(149,35): error TS2304: Cannot find name 'themes'.
Error: src/hooks/useKeyboardShortcuts.ts(207,43): error TS2304: Cannot find name 'useState'.
Error: src/lib/ai-auth.ts(22,64): error TS2739: Type 'ReadonlyRequestCookies' is missing the following properties from type 'Promise<ReadonlyRequestCookies>': then, catch, finally, [Symbol.toStringTag]
Error: src/lib/ai-auth.ts(209,62): error TS2739: Type 'ReadonlyRequestCookies' is missing the following properties from type 'Promise<ReadonlyRequestCookies>': then, catch, finally, [Symbol.toStringTag]
Error: src/lib/logger.ts(111,11): error TS2393: Duplicate function implementation.
Error: src/lib/logger.ts(265,3): error TS2393: Duplicate function implementation.
Error: src/lib/services/aiConversationService.ts(231,34): error TS2345: Argument of type '"name" | "type" | "provider" | "check_in_date" | "departure_time" | "currency" | "check_out_date" | "address" | "departure_location" | "arrival_time" | "arrival_location" | "notes" | "cost" | "booking_reference" | "contact_info"' is not assignable to parameter of type 'AccommodationField'.
  Type '"provider"' is not assignable to type 'AccommodationField'.
Error: src/lib/services/aiConversationService.ts(255,52): error TS2345: Argument of type '"name" | "type" | "provider" | "check_in_date" | "departure_time" | "currency" | "check_out_date" | "address" | "departure_location" | "arrival_time" | "arrival_location" | "notes" | "cost" | "booking_reference" | "contact_info"' is not assignable to parameter of type 'AccommodationField'.
  Type '"provider"' is not assignable to type 'AccommodationField'.
Error: src/lib/services/aiConversationService.ts(280,35): error TS2345: Argument of type '"name" | "type" | "provider" | "check_in_date" | "departure_time" | "currency" | "check_out_date" | "address" | "departure_location" | "arrival_time" | "arrival_location" | "notes" | "cost" | "booking_reference" | "contact_info"' is not assignable to parameter of type 'AccommodationField'.
  Type '"provider"' is not assignable to type 'AccommodationField'.
Error: src/lib/services/aiConversationService.ts(301,19): error TS2339: Property 'additionalData' does not exist on type '{ success: boolean; value: any; confidence: number; suggestion?: string; }'.
Error: src/lib/services/aiConversationService.ts(302,44): error TS2339: Property 'additionalData' does not exist on type '{ success: boolean; value: any; confidence: number; suggestion?: string; }'.
Error: src/lib/services/aiConversationService.ts(308,34): error TS2345: Argument of type '("name" | "type" | "provider" | "check_in_date" | "departure_time" | "currency" | "check_out_date" | "address" | "departure_location" | "arrival_time" | "arrival_location" | "notes" | "cost" | "booking_reference" | "contact_info")[]' is not assignable to parameter of type 'AccommodationField[]'.
  Type '"name" | "type" | "provider" | "check_in_date" | "departure_time" | "currency" | "check_out_date" | "address" | "departure_location" | "arrival_time" | "arrival_location" | "notes" | "cost" | "booking_reference" | "contact_info"' is not assignable to type 'AccommodationField'.
    Type '"provider"' is not assignable to type 'AccommodationField'.
Error: src/lib/services/aiConversationService.ts(501,9): error TS2322: Type '"field_with_cancel"' is not assignable to type '"date_selector" | "type_selector" | "currency_selector" | "confirmation_buttons" | "data_summary"'.
Error: src/lib/services/aiConversationService.ts(513,9): error TS2322: Type '"field_with_cancel"' is not assignable to type '"date_selector" | "type_selector" | "currency_selector" | "confirmation_buttons" | "data_summary"'.
Error: src/lib/services/aiConversationService.ts(525,9): error TS2322: Type '"field_with_cancel"' is not assignable to type '"date_selector" | "type_selector" | "currency_selector" | "confirmation_buttons" | "data_summary"'.
Error: src/lib/services/aiConversationService.ts(537,9): error TS2322: Type '"field_with_cancel"' is not assignable to type '"date_selector" | "type_selector" | "currency_selector" | "confirmation_buttons" | "data_summary"'.
Error: src/lib/services/aiConversationService.ts(549,9): error TS2322: Type '"field_with_cancel"' is not assignable to type '"date_selector" | "type_selector" | "currency_selector" | "confirmation_buttons" | "data_summary"'.
Error: src/lib/services/geminiService.ts(55,7): error TS2322: Type '{ role: "user" | "model"; parts: string; }[]' is not assignable to type 'Content[]'.
  Type '{ role: "user" | "model"; parts: string; }' is not assignable to type 'Content'.
    Types of property 'parts' are incompatible.
      Type 'string' is not assignable to type 'Part[]'.
Error: src/lib/services/transportationConversationService.ts(207,44): error TS2345: Argument of type 'AccommodationData | TransportationData' is not assignable to parameter of type 'TransportationData'.
  Type 'AccommodationData' is not assignable to type 'TransportationData'.
    Types of property 'type' are incompatible.
      Type 'string' is not assignable to type '"other" | "flight" | "train" | "bus" | "car"'.
Error: src/lib/services/transportationConversationService.ts(234,50): error TS2345: Argument of type '"name" | "type" | "provider" | "check_in_date" | "departure_time" | "currency" | "check_out_date" | "address" | "departure_location" | "arrival_time" | "arrival_location" | "notes" | "cost" | "booking_reference" | "contact_info"' is not assignable to parameter of type 'TransportationField'.
  Type '"name"' is not assignable to type 'TransportationField'.
Error: src/lib/services/transportationConversationService.ts(256,46): error TS2345: Argument of type '{ name?: string; type?: string; check_in_date?: string; check_out_date?: string; address?: string; booking_reference?: string; contact_info?: string; cost?: number; currency?: string; notes?: string; } | { ...; }' is not assignable to parameter of type 'TransportationData'.
  Type '{ name?: string; type?: string; check_in_date?: string; check_out_date?: string; address?: string; booking_reference?: string; contact_info?: string; cost?: number; currency?: string; notes?: string; }' is not assignable to type 'TransportationData'.
    Types of property 'type' are incompatible.
      Type 'string' is not assignable to type '"other" | "flight" | "train" | "bus" | "car"'.
Error: src/lib/services/transportationConversationService.ts(304,49): error TS2345: Argument of type '"name" | "type" | "provider" | "check_in_date" | "departure_time" | "currency" | "check_out_date" | "address" | "departure_location" | "arrival_time" | "arrival_location" | "notes" | "cost" | "booking_reference" | "contact_info"' is not assignable to parameter of type 'TransportationField'.
  Type '"name"' is not assignable to type 'TransportationField'.
Error: src/lib/services/transportationConversationService.ts(304,84): error TS2339: Property 'error' does not exist on type '{ success: boolean; value: any; confidence: number; suggestion?: string; }'.
Error: src/lib/services/tripContextService.ts(119,9): error TS2345: Argument of type 'PromiseLike<any>' is not assignable to parameter of type 'Promise<any>'.
  Type 'PromiseLike<any>' is missing the following properties from type 'Promise<any>': catch, finally, [Symbol.toStringTag]
Error: src/lib/services/tripContextService.ts(145,9): error TS2345: Argument of type 'PromiseLike<any>' is not assignable to parameter of type 'Promise<any>'.
  Type 'PromiseLike<any>' is missing the following properties from type 'Promise<any>': catch, finally, [Symbol.toStringTag]
Error: src/lib/services/tripContextService.ts(165,9): error TS2345: Argument of type 'PromiseLike<any>' is not assignable to parameter of type 'Promise<any>'.
  Type 'PromiseLike<any>' is missing the following properties from type 'Promise<any>': catch, finally, [Symbol.toStringTag]
Error: src/lib/services/tripContextService.ts(185,9): error TS2345: Argument of type 'PromiseLike<any>' is not assignable to parameter of type 'Promise<any>'.
  Type 'PromiseLike<any>' is missing the following properties from type 'Promise<any>': catch, finally, [Symbol.toStringTag]
Error: src/lib/services/tripContextService.ts(208,9): error TS2345: Argument of type 'PromiseLike<any>' is not assignable to parameter of type 'Promise<any>'.
  Type 'PromiseLike<any>' is missing the following properties from type 'Promise<any>': catch, finally, [Symbol.toStringTag]
Error: src/lib/services/tripContextService.ts(532,40): error TS2339: Property 'full_name' does not exist on type '{ full_name: any; }[]'.
Error: src/test/data-isolation.test.ts(6,10): error TS2724: '"@/lib/services/optimizedSupabaseService"' has no exported member named 'OptimizedSupabaseService'. Did you mean 'optimizedSupabaseService'?
Error: src/test/debug-rls-issue.ts(118,63): error TS2551: Property 'catch' does not exist on type 'PostgrestFilterBuilder<any, any, any, "test_auth_uid", null>'. Did you mean 'match'?
Error: Process completed with exit code 2.